[BEGIN] 2017/6/19 19:27:13
2017-06-19 15:25:46,570 com.xinwei.im3000.server.watcher.core.IM3000ServerWatchdog INFO   ==========================================
2017-06-19 15:25:46,570 com.xinwei.im3000.server.watcher.core.IM3000ServerWatchdog INFO   No.210 Probe...
2017-06-19 15:25:46,570 com.xinwei.im3000.server.watcher.core.IM3000ServerWatchdog INFO   update lastTime.
2017-06-19 15:25:46,570 com.xinwei.im3000.server.watcher.core.IM3000ServerWatchdog INFO   Connecting...
2017-06-19 15:25:46,581 com.xinwei.im3000.server.watcher.net.ServerConnector INFO   connect sessionId=45219840
2017-06-19 15:25:46,581 com.xinwei.im3000.server.watcher.core.IM3000ServerWatchdog INFO   Login...
2017-06-19 15:25:46,584 com.xinwei.im3000.server.watcher.core.IM3000ServerWatchdog INFO   Result=1101
2017-06-19 15:25:46,584 com.xinwei.im3000.server.watcher.core.IM3000ServerWatchdog INFO   Disconnect...
2017-06-19 15:25:46,584 com.xinwei.im3000.server.watcher.net.ServerConnector INFO   deregister sessionId=45219840
2017-06-19 15:25:46,585 com.xinwei.im3000.server.watcher.net.ServerConnector INFO   deactivate...
2017-06-19 15:25:46,585 com.xinwei.im3000.server.watcher.net.ServerConnector INFO   deactivate Ok.
2017-06-19 15:25:46,586 com.xinwei.im3000.server.watcher.net.ServerConnector INFO   destroy...
2017-06-19 15:25:46,586 com.xinwei.im3000.server.watcher.net.ServerConnector INFO   destroy Ok.
2017-06-19 15:25:46,586 com.xinwei.im3000.server.watcher.core.IM3000ServerWatchdog INFO   Disconnect OK.
2017-06-19 15:25:46,586 com.xinwei.im3000.server.watcher.core.IM3000ServerWatchdog INFO   test proc [eventagent]...
2017-06-19 15:25:46,614 com.xinwei.im3000.server.watcher.core.IM3000ServerWatchdog INFO   proc [eventagent] is alive.
2017-06-19 15:25:46,614 com.xinwei.im3000.server.watcher.core.IM3000ServerWatchdog INFO   test proc [topoagent]...
2017-06-19 15:25:46,641 com.xinwei.im3000.server.watcher.core.IM3000ServerWatchdog INFO   proc [topoagent] is alive.
2017-06-19 15:25:46,641 com.xinwei.im3000.server.watcher.core.IM3000ServerWatchdog INFO   test proc [secuagent]...
2017-06-19 15:25:46,670 com.xinwei.im3000.server.watcher.core.IM3000ServerWatchdog INFO   proc [secuagent] is alive.
2017-06-19 15:25:46,670 com.xinwei.im3000.server.watcher.core.IM3000ServerWatchdog INFO   test proc [confagent]...
2017-06-19 15:25:46,698 com.xinwei.im3000.server.watcher.core.IM3000ServerWatchdog INFO   proc [confagent] is alive.
2017-06-19 15:25:46,698 com.xinwei.im3000.server.watcher.core.IM3000ServerWatchdog INFO   test proc [faultagent]...
2017-06-19 15:25:46,725 com.xinwei.im3000.server.watcher.core.IM3000ServerWatchdog INFO   proc [faultagent] is alive.
2017-06-19 15:25:46,725 com.xinwei.im3000.server.watcher.core.IM3000ServerWatchdog INFO   test proc [Accessagent]...
2017-06-19 15:25:46,752 com.xinwei.im3000.server.watcher.core.IM3000ServerWatchdog INFO   proc [Accessagent] is alive.
2017-06-19 15:25:47,546 com.xinwei.im3000.server.watcher.core.IM3000ServerWatchdog DEBUG  MonitorTask Detect: tryLock(120 seconds)
2017-06-19 15:25:47,546 com.xinwei.im3000.server.watcher.core.IM3000ServerWatchdog DEBUG  MonitorTask Detect: OK.
2017-06-19 15:25:47,546 com.xinwei.im3000.server.watcher.core.IM3000ServerWatchdog INFO   Probe Handup Finished.
2017-06-19 15:26:00,002 com.xinwei.im3000.server.delegate.dao.IMConfDaoImpl INFO   Query SQL: select 1
2017-06-19 15:26:00,002 org.springframework.jdbc.core.JdbcTemplate DEBUG  Executing SQL query [select 1]
2017-06-19 15:26:00,002 org.springframework.jdbc.datasource.DataSourceUtils DEBUG  Fetching JDBC Connection from DataSource
2017-06-19 15:26:00,002 org.springframework.jdbc.datasource.DataSourceUtils DEBUG  Returning JDBC Connection to DataSource
2017-06-19 15:26:09,754 com.xinwei.im3000.server.watcher.core.IM3000ServerWatchdog INFO   ==========================================
2017-06-19 15:26:09,754 com.xinwei.im3000.server.watcher.core.IM3000ServerWatchdog INFO   No.211 Probe...
2017-06-19 15:26:09,754 com.xinwei.im3000.server.watcher.core.IM3000ServerWatchdog INFO   update lastTime.
2017-06-19 15:26:09,754 com.xinwei.im3000.server.watcher.core.IM3000ServerWatchdog INFO   Connecting...
2017-06-19 15:26:09,764 com.xinwei.im3000.server.watcher.net.ServerConnector INFO   connect sessionId=62062592
2017-06-19 15:26:09,764 com.xinwei.im3000.server.watcher.core.IM3000ServerWatchdog INFO   Login...
2017-06-19 15:26:09,768 com.xinwei.im3000.server.watcher.core.IM3000ServerWatchdog INFO   Result=1101
2017-06-19 15:26:09,768 com.xinwei.im3000.server.watcher.core.IM3000ServerWatchdog INFO   Disconnect...
2017-06-19 15:26:09,768 com.xinwei.im3000.server.watcher.net.ServerConnector INFO   deregister sessionId=62062592
2017-06-19 15:26:09,769 com.xinwei.im3000.server.watcher.net.ServerConnector INFO   deactivate...
2017-06-19 15:26:09,769 com.xinwei.im3000.server.watcher.net.ServerConnector INFO   deactivate Ok.
2017-06-19 15:26:09,770 com.xinwei.im3000.server.watcher.net.ServerConnector INFO   destroy...
2017-06-19 15:26:09,770 com.xinwei.im3000.server.watcher.net.ServerConnector INFO   destroy Ok.
2017-06-19 15:26:09,770 com.xinwei.im3000.server.watcher.core.IM3000ServerWatchdog INFO   Disconnect OK.
2017-06-19 15:26:09,770 com.xinwei.im3000.server.watcher.core.IM3000ServerWatchdog INFO   test proc [eventagent]...
2017-06-19 15:26:09,798 com.xinwei.im3000.server.watcher.core.IM3000ServerWatchdog INFO   proc [eventagent] is alive.
2017-06-19 15:26:09,798 com.xinwei.im3000.server.watcher.core.IM3000ServerWatchdog INFO   test proc [topoagent]...
2017-06-19 15:26:09,825 com.xinwei.im3000.server.watcher.core.IM3000ServerWatchdog INFO   proc [topoagent] is alive.
2017-06-19 15:26:09,825 com.xinwei.im3000.server.watcher.core.IM3000ServerWatchdog INFO   test proc [secuagent]...
2017-06-19 15:26:09,852 com.xinwei.im3000.server.watcher.core.IM3000ServerWatchdog INFO   proc [secuagent] is alive.
2017-06-19 15:26:09,853 com.xinwei.im3000.server.watcher.core.IM3000ServerWatchdog INFO   test proc [confagent]...
2017-06-19 15:26:09,880 com.xinwei.im3000.server.watcher.core.IM3000ServerWatchdog INFO   proc [confagent] is alive.
2017-06-19 15:26:09,880 com.xinwei.im3000.server.watcher.core.IM3000ServerWatchdog INFO   test proc [faultagent]...
2017-06-19 15:26:09,908 com.xinwei.im3000.server.watcher.core.IM3000ServerWatchdog INFO   proc [faultagent] is alive.
2017-06-19 15:26:09,908 com.xinwei.im3000.server.watcher.core.IM3000ServerWatchdog INFO   test proc [Accessagent]...
2017-06-19 15:26:09,936 com.xinwei.im3000.server.watcher.core.IM3000ServerWatchdog INFO   proc [Accessagent] is alive.
2017-06-19 15:26:18,548 com.xinwei.im3000.server.watcher.core.IM3000ServerWatchdog DEBUG  MonitorTask Detect: tryLock(120 seconds)
2017-06-19 15:26:18,548 com.xinwei.im3000.server.watcher.core.IM3000ServerWatchdog DEBUG  MonitorTask Detect: OK.
2017-06-19 15:26:18,548 com.xinwei.im3000.server.watcher.core.IM3000ServerWatchdog INFO   Probe Handup Finished.
2017-06-19 15:26:32,938 com.xinwei.im3000.server.watcher.core.IM3000ServerWatchdog INFO   ==========================================
2017-06-19 15:26:32,939 com.xinwei.im3000.server.watcher.core.IM3000ServerWatchdog INFO   No.212 Probe...
2017-06-19 15:26:32,939 com.xinwei.im3000.server.watcher.core.IM3000ServerWatchdog INFO   update lastTime.
2017-06-19 15:26:32,939 com.xinwei.im3000.server.watcher.core.IM3000ServerWatchdog INFO   Connecting...
2017-06-19 15:26:32,954 com.xinwei.im3000.server.watcher.net.ServerConnector INFO   connect sessionId=78905344
2017-06-19 15:26:32,954 com.xinwei.im3000.server.watcher.core.IM3000ServerWatchdog INFO   Login...
2017-06-19 15:26:32,958 com.xinwei.im3000.server.watcher.core.IM3000ServerWatchdog INFO   Result=1101
2017-06-19 15:26:32,958 com.xinwei.im3000.server.watcher.core.IM3000ServerWatchdog INFO   Disconnect...
2017-06-19 15:26:32,958 com.xinwei.im3000.server.watcher.net.ServerConnector INFO   deregister sessionId=78905344
2017-06-19 15:26:32,959 com.xinwei.im3000.server.watcher.net.ServerConnector INFO   deactivate...
2017-06-19 15:26:32,959 com.xinwei.im3000.server.watcher.net.ServerConnector INFO   deactivate Ok.
2017-06-19 15:26:32,959 com.xinwei.im3000.server.watcher.net.ServerConnector INFO   destroy...
2017-06-19 15:26:32,959 com.xinwei.im3000.server.watcher.net.ServerConnector INFO   destroy Ok.
2017-06-19 15:26:32,959 com.xinwei.im3000.server.watcher.core.IM3000ServerWatchdog INFO   Disconnect OK.
2017-06-19 15:26:32,960 com.xinwei.im3000.server.watcher.core.IM3000ServerWatchdog INFO   test proc [eventagent]...
2017-06-19 15:26:32,988 com.xinwei.im3000.server.watcher.core.IM3000ServerWatchdog INFO   proc [eventagent] is alive.
2017-06-19 15:26:32,988 com.xinwei.im3000.server.watcher.core.IM3000ServerWatchdog INFO   test proc [topoagent]...
2017-06-19 15:26:33,016 com.xinwei.im3000.server.watcher.core.IM3000ServerWatchdog INFO   proc [topoagent] is alive.
2017-06-19 15:26:33,016 com.xinwei.im3000.server.watcher.core.IM3000ServerWatchdog INFO   test proc [secuagent]...
2017-06-19 15:26:33,044 com.xinwei.im3000.server.watcher.core.IM3000ServerWatchdog INFO   proc [secuagent] is alive.
2017-06-19 15:26:33,044 com.xinwei.im3000.server.watcher.core.IM3000ServerWatchdog INFO   test proc [confagent]...
2017-06-19 15:26:33,071 com.xinwei.im3000.server.watcher.core.IM3000ServerWatchdog INFO   proc [confagent] is alive.
2017-06-19 15:26:33,071 com.xinwei.im3000.server.watcher.core.IM3000ServerWatchdog INFO   test proc [faultagent]...
2017-06-19 15:26:33,099 com.xinwei.im3000.server.watcher.core.IM3000ServerWatchdog INFO   proc [faultagent] is alive.
2017-06-19 15:26:33,099 com.xinwei.im3000.server.watcher.core.IM3000ServerWatchdog INFO   test proc [Accessagent]...
2017-06-19 15:26:33,126 com.xinwei.im3000.server.watcher.core.IM3000ServerWatchdog INFO   proc [Accessagent] is alive.
2017-06-19 15:26:49,549 com.xinwei.im3000.server.watcher.core.IM3000ServerWatchdog DEBUG  MonitorTask Detect: tryLock(120 seconds)
2017-06-19 15:26:49,549 com.xinwei.im3000.server.watcher.core.IM3000ServerWatchdog DEBUG  MonitorTask Detect: OK.
2017-06-19 15:26:49,549 com.xinwei.im3000.server.watcher.core.IM3000ServerWatchdog INFO   Probe Handup Finished.
2017-06-19 15:26:56,128 com.xinwei.im3000.server.watcher.core.IM3000ServerWatchdog INFO   ==========================================
2017-06-19 15:26:56,128 com.xinwei.im3000.server.watcher.core.IM3000ServerWatchdog INFO   No.213 Probe...
2017-06-19 15:26:56,128 com.xinwei.im3000.server.watcher.core.IM3000ServerWatchdog INFO   update lastTime.
2017-06-19 15:26:56,128 com.xinwei.im3000.server.watcher.core.IM3000ServerWatchdog INFO   Connecting...
2017-06-19 15:26:56,139 com.xinwei.im3000.server.watcher.net.ServerConnector INFO   connect sessionId=112590848
2017-06-19 15:26:56,139 com.xinwei.im3000.server.watcher.core.IM3000ServerWatchdog INFO   Login...
2017-06-19 15:26:56,142 com.xinwei.im3000.server.watcher.core.IM3000ServerWatchdog INFO   Result=1101
2017-06-19 15:26:56,142 com.xinwei.im3000.server.watcher.core.IM3000ServerWatchdog INFO   Disconnect...
2017-06-19 15:26:56,142 com.xinwei.im3000.server.watcher.net.ServerConnector INFO   deregister sessionId=112590848
2017-06-19 15:26:56,143 com.xinwei.im3000.server.watcher.net.ServerConnector INFO   deactivate...
2017-06-19 15:26:56,143 com.xinwei.im3000.server.watcher.net.ServerConnector INFO   deactivate Ok.
2017-06-19 15:26:56,143 com.xinwei.im3000.server.watcher.net.ServerConnector INFO   destroy...
2017-06-19 15:26:56,143 com.xinwei.im3000.server.watcher.net.ServerConnector INFO   destroy Ok.
2017-06-19 15:26:56,144 com.xinwei.im3000.server.watcher.core.IM3000ServerWatchdog INFO   Disconnect OK.
2017-06-19 15:26:56,144 com.xinwei.im3000.server.watcher.core.IM3000ServerWatchdog INFO   test proc [eventagent]...
2017-06-19 15:26:56,172 com.xinwei.im3000.server.watcher.core.IM3000ServerWatchdog INFO   proc [eventagent] is alive.
2017-06-19 15:26:56,172 com.xinwei.im3000.server.watcher.core.IM3000ServerWatchdog INFO   test proc [topoagent]...
2017-06-19 15:26:56,200 com.xinwei.im3000.server.watcher.core.IM3000ServerWatchdog INFO   proc [topoagent] is alive.
2017-06-19 15:26:56,200 com.xinwei.im3000.server.watcher.core.IM3000ServerWatchdog INFO   test proc [secuagent]...
2017-06-19 15:26:56,227 com.xinwei.im3000.server.watcher.core.IM3000ServerWatchdog INFO   proc [secuagent] is alive.
2017-06-19 15:26:56,227 com.xinwei.im3000.server.watcher.core.IM3000ServerWatchdog INFO   test proc [confagent]...
2017-06-19 15:26:56,255 com.xinwei.im3000.server.watcher.core.IM3000ServerWatchdog INFO   proc [confagent] is alive.
2017-06-19 15:26:56,255 com.xinwei.im3000.server.watcher.core.IM3000ServerWatchdog INFO   test proc [faultagent]...
2017-06-19 15:26:56,283 com.xinwei.im3000.server.watcher.core.IM3000ServerWatchdog INFO   proc [faultagent] is alive.
2017-06-19 15:26:56,283 com.xinwei.im3000.server.watcher.core.IM3000ServerWatchdog INFO   test proc [Accessagent]...
2017-06-19 15:26:56,311 com.xinwei.im3000.server.watcher.core.IM3000ServerWatchdog INFO   proc [Accessagent] is alive.
2017-06-19 15:27:00,002 com.xinwei.im3000.server.delegate.dao.IMConfDaoImpl INFO   Query SQL: select 1
2017-06-19 15:27:00,003 org.springframework.jdbc.core.JdbcTemplate DEBUG  Executing SQL query [select 1]
2017-06-19 15:27:00,003 org.springframework.jdbc.datasource.DataSourceUtils DEBUG  Fetching JDBC Connection from DataSource
2017-06-19 15:27:00,003 org.springframework.jdbc.datasource.DataSourceUtils DEBUG  Returning JDBC Connection to DataSource
2017-06-19 15:27:19,313 com.xinwei.im3000.server.watcher.core.IM3000ServerWatchdog INFO   ==========================================
2017-06-19 15:27:19,313 com.xinwei.im3000.server.watcher.core.IM3000ServerWatchdog INFO   No.214 Probe...
2017-06-19 15:27:19,313 com.xinwei.im3000.server.watcher.core.IM3000ServerWatchdog INFO   update lastTime.
2017-06-19 15:27:19,313 com.xinwei.im3000.server.watcher.core.IM3000ServerWatchdog INFO   Connecting...
2017-06-19 15:27:19,324 com.xinwei.im3000.server.watcher.net.ServerConnector INFO   connect sessionId=129433600
2017-06-19 15:27:19,324 com.xinwei.im3000.server.watcher.core.IM3000ServerWatchdog INFO   Login...
2017-06-19 15:27:19,328 com.xinwei.im3000.server.watcher.core.IM3000ServerWatchdog INFO   Result=1101
2017-06-19 15:27:19,328 com.xinwei.im3000.server.watcher.core.IM3000ServerWatchdog INFO   Disconnect...
2017-06-19 15:27:19,328 com.xinwei.im3000.server.watcher.net.ServerConnector INFO   deregister sessionId=129433600
2017-06-19 15:27:19,329 com.xinwei.im3000.server.watcher.net.ServerConnector INFO   deactivate...
2017-06-19 15:27:19,329 com.xinwei.im3000.server.watcher.net.ServerConnector INFO   deactivate Ok.
2017-06-19 15:27:19,329 com.xinwei.im3000.server.watcher.net.ServerConnector INFO   destroy...
2017-06-19 15:27:19,329 com.xinwei.im3000.server.watcher.net.ServerConnector INFO   destroy Ok.
2017-06-19 15:27:19,329 com.xinwei.im3000.server.watcher.core.IM3000ServerWatchdog INFO   Disconnect OK.
2017-06-19 15:27:19,329 com.xinwei.im3000.server.watcher.core.IM3000ServerWatchdog INFO   test proc [eventagent]...
2017-06-19 15:27:19,358 com.xinwei.im3000.server.watcher.core.IM3000ServerWatchdog INFO   proc [eventagent] is alive.
2017-06-19 15:27:19,358 com.xinwei.im3000.server.watcher.core.IM3000ServerWatchdog INFO   test proc [topoagent]...
2017-06-19 15:27:19,386 com.xinwei.im3000.server.watcher.core.IM3000ServerWatchdog INFO   proc [topoagent] is alive.
2017-06-19 15:27:19,386 com.xinwei.im3000.server.watcher.core.IM3000ServerWatchdog INFO   test proc [secuagent]...
2017-06-19 15:27:19,413 com.xinwei.im3000.server.watcher.core.IM3000ServerWatchdog INFO   proc [secuagent] is alive.
2017-06-19 15:27:19,413 com.xinwei.im3000.server.watcher.core.IM3000ServerWatchdog INFO   test proc [confagent]...
2017-06-19 15:27:19,442 com.xinwei.im3000.server.watcher.core.IM3000ServerWatchdog INFO   proc [confagent] is alive.
2017-06-19 15:27:19,442 com.xinwei.im3000.server.watcher.core.IM3000ServerWatchdog INFO   test proc [faultagent]...
2017-06-19 15:27:19,469 com.xinwei.im3000.server.watcher.core.IM3000ServerWatchdog INFO   proc [faultagent] is alive.
2017-06-19 15:27:19,469 com.xinwei.im3000.server.watcher.core.IM3000ServerWatchdog INFO   test proc [Accessagent]...
2017-06-19 15:27:19,497 com.xinwei.im3000.server.watcher.core.IM3000ServerWatchdog INFO   proc [Accessagent] is alive.
2017-06-19 15:27:20,551 com.xinwei.im3000.server.watcher.core.IM3000ServerWatchdog DEBUG  MonitorTask Detect: tryLock(120 seconds)
2017-06-19 15:27:20,551 com.xinwei.im3000.server.watcher.core.IM3000ServerWatchdog DEBUG  MonitorTask Detect: OK.
2017-06-19 15:27:20,551 com.xinwei.im3000.server.watcher.core.IM3000ServerWatchdog INFO   Probe Handup Finished.
2017-06-19 15:27:42,499 com.xinwei.im3000.server.watcher.core.IM3000ServerWatchdog INFO   ==========================================
2017-06-19 15:27:42,499 com.xinwei.im3000.server.watcher.core.IM3000ServerWatchdog INFO   No.215 Probe...
2017-06-19 15:27:42,499 com.xinwei.im3000.server.watcher.core.IM3000ServerWatchdog INFO   update lastTime.
2017-06-19 15:27:42,499 com.xinwei.im3000.server.watcher.core.IM3000ServerWatchdog INFO   Connecting...
2017-06-19 15:27:42,510 com.xinwei.im3000.server.watcher.net.ServerConnector INFO   connect sessionId=146276352
2017-06-19 15:27:42,510 com.xinwei.im3000.server.watcher.core.IM3000ServerWatchdog INFO   Login...
2017-06-19 15:27:42,513 com.xinwei.im3000.server.watcher.core.IM3000ServerWatchdog INFO   Result=1101
2017-06-19 15:27:42,513 com.xinwei.im3000.server.watcher.core.IM3000ServerWatchdog INFO   Disconnect...
2017-06-19 15:27:42,513 com.xinwei.im3000.server.watcher.net.ServerConnector INFO   deregister sessionId=146276352
2017-06-19 15:27:42,514 com.xinwei.im3000.server.watcher.net.ServerConnector INFO   deactivate...
2017-06-19 15:27:42,514 com.xinwei.im3000.server.watcher.net.ServerConnector INFO   deactivate Ok.
2017-06-19 15:27:42,514 com.xinwei.im3000.server.watcher.net.ServerConnector INFO   destroy...
2017-06-19 15:27:42,515 com.xinwei.im3000.server.watcher.net.ServerConnector INFO   destroy Ok.
2017-06-19 15:27:42,515 com.xinwei.im3000.server.watcher.core.IM3000ServerWatchdog INFO   Disconnect OK.
2017-06-19 15:27:42,515 com.xinwei.im3000.server.watcher.core.IM3000ServerWatchdog INFO   test proc [eventagent]...
2017-06-19 15:27:42,543 com.xinwei.im3000.server.watcher.core.IM3000ServerWatchdog INFO   proc [eventagent] is alive.
2017-06-19 15:27:42,543 com.xinwei.im3000.server.watcher.core.IM3000ServerWatchdog INFO   test proc [topoagent]...
2017-06-19 15:27:42,571 com.xinwei.im3000.server.watcher.core.IM3000ServerWatchdog INFO   proc [topoagent] is alive.
2017-06-19 15:27:42,571 com.xinwei.im3000.server.watcher.core.IM3000ServerWatchdog INFO   test proc [secuagent]...
2017-06-19 15:27:42,599 com.xinwei.im3000.server.watcher.core.IM3000ServerWatchdog INFO   proc [secuagent] is alive.
2017-06-19 15:27:42,599 com.xinwei.im3000.server.watcher.core.IM3000ServerWatchdog INFO   test proc [confagent]...
2017-06-19 15:27:42,627 com.xinwei.im3000.server.watcher.core.IM3000ServerWatchdog INFO   proc [confagent] is alive.
2017-06-19 15:27:42,627 com.xinwei.im3000.server.watcher.core.IM3000ServerWatchdog INFO   test proc [faultagent]...
2017-06-19 15:27:42,654 com.xinwei.im3000.server.watcher.core.IM3000ServerWatchdog INFO   proc [faultagent] is alive.
2017-06-19 15:27:42,654 com.xinwei.im3000.server.watcher.core.IM3000ServerWatchdog INFO   test proc [Accessagent]...
2017-06-19 15:27:42,681 com.xinwei.im3000.server.watcher.core.IM3000ServerWatchdog INFO   proc [Accessagent] is alive.
2017-06-19 15:27:51,554 com.xinwei.im3000.server.watcher.core.IM3000ServerWatchdog DEBUG  MonitorTask Detect: tryLock(120 seconds)
2017-06-19 15:27:51,554 com.xinwei.im3000.server.watcher.core.IM3000ServerWatchdog DEBUG  MonitorTask Detect: OK.
2017-06-19 15:27:51,554 com.xinwei.im3000.server.watcher.core.IM3000ServerWatchdog INFO   Probe Handup Finished.

[END] 2017/6/19 19:29:39
